<?xml version="1.0" encoding="UTF-8"?>
<!-- Generated by org.testng.reporters.JUnitXMLReporter -->
<testsuite ignored="0" hostname="SunilKunwal" failures="1" tests="6" name="Surefire test" time="63.497" errors="0" timestamp="2024-05-30T13:17:47 IST">
  <testcase classname="E_Commerse_Sele.SunilKunwal.tests.ErrorValidationsTest" name="LoginErrorValidations" time="2.948">
    <skipped/>
  </testcase> <!-- LoginErrorValidations -->
  <testcase classname="E_Commerse_Sele.SunilKunwal.tests.ErrorValidationsTest" name="LoginErrorValidations" time="0.55">
    <failure type="java.lang.AssertionError" message="expected [Incorrect email or password.] but found [Incorrect email  password.]">
      <![CDATA[java.lang.AssertionError: expected [Incorrect email or password.] but found [Incorrect email  password.]
at E_Commerse_Sele.SunilKunwal.tests.ErrorValidationsTest.LoginErrorValidations(ErrorValidationsTest.java:23)
at java.base/java.util.ArrayList.forEach(ArrayList.java:1511)
... Removed 36 stack frames]]>
    </failure>
  </testcase> <!-- LoginErrorValidations -->
  <testcase classname="E_Commerse_Sele.SunilKunwal.tests.ErrorValidationsTest" name="ProductErrorValidations" time="13.688"/>
  <testcase classname="E_Commerse_Sele.SunilKunwal.tests.SubmitOrderTest" name="submitOrder" time="14.609"/>
  <testcase classname="E_Commerse_Sele.SunilKunwal.tests.SubmitOrderTest" name="submitOrder" time="14.644"/>
  <testcase classname="E_Commerse_Sele.SunilKunwal.tests.SubmitOrderTest" name="OrderHistoryTest" time="0.926"/>
</testsuite> <!-- Surefire test -->
