<?xml version="1.0" encoding="UTF-8"?>
<!-- Generated by org.testng.reporters.JUnitXMLReporter -->
<testsuite ignored="0" hostname="SUNIL-LAPTOP" failures="1" tests="3" name="Error Validation Test" time="36.547" errors="0" timestamp="2024-05-30T01:29:48 IST">
  <testcase classname="E_Commerse_Sele.SunilKunwal.tests.ErrorValidationsTest" name="LoginErrorValidations" time="1.024">
    <skipped/>
  </testcase> <!-- LoginErrorValidations -->
  <testcase classname="E_Commerse_Sele.SunilKunwal.tests.ErrorValidationsTest" name="LoginErrorValidations" time="0.841">
    <failure type="java.lang.AssertionError" message="expected [Incorrect email or password.] but found [Incorrect email  password.]">
      <![CDATA[java.lang.AssertionError: expected [Incorrect email or password.] but found [Incorrect email  password.]
at E_Commerse_Sele.SunilKunwal.tests.ErrorValidationsTest.LoginErrorValidations(ErrorValidationsTest.java:23)
at java.base/java.util.ArrayList.forEach(ArrayList.java:1511)
at java.base/java.util.concurrent.FutureTask.run(FutureTask.java:264)
at java.base/java.util.concurrent.ThreadPoolExecutor.runWorker(ThreadPoolExecutor.java:1136)
at java.base/java.util.concurrent.ThreadPoolExecutor$Worker.run(ThreadPoolExecutor.java:635)
at java.base/java.lang.Thread.run(Thread.java:833)
... Removed 22 stack frames]]>
    </failure>
  </testcase> <!-- LoginErrorValidations -->
  <testcase classname="E_Commerse_Sele.SunilKunwal.tests.ErrorValidationsTest" name="ProductErrorValidations" time="13.919"/>
</testsuite> <!-- Error Validation Test -->
