<?xml version="1.0" encoding="UTF-8"?>
<testng-results retried="1" ignored="0" total="6" passed="4" failed="1" skipped="0">
  <reporter-output>
  </reporter-output>
  <suite started-at="2024-05-30T01:29:11 IST" name="Suite" finished-at="2024-05-30T01:30:05 IST" duration-ms="53445">
    <groups>
      <group name="Purchase">
        <method signature="SubmitOrderTest.submitOrder(java.util.HashMap)[pri:0, instance:E_Commerse_Sele.SunilKunwal.tests.SubmitOrderTest@7d3e8655]" name="submitOrder" class="E_Commerse_Sele.SunilKunwal.tests.SubmitOrderTest"/>
      </group> <!-- Purchase -->
      <group name="ErrorHandling">
        <method signature="ErrorValidationsTest.LoginErrorValidations()[pri:0, instance:E_Commerse_Sele.SunilKunwal.tests.ErrorValidationsTest@312aa7c]" name="LoginErrorValidations" class="E_Commerse_Sele.SunilKunwal.tests.ErrorValidationsTest"/>
      </group> <!-- ErrorHandling -->
    </groups>
    <test started-at="2024-05-30T01:29:11 IST" name="Error Validation Test" finished-at="2024-05-30T01:29:48 IST" duration-ms="36547">
      <class name="E_Commerse_Sele.SunilKunwal.tests.ErrorValidationsTest">
        <test-method is-config="true" signature="launchApplication()[pri:0, instance:E_Commerse_Sele.SunilKunwal.tests.ErrorValidationsTest@312aa7c]" started-at="2024-05-30T01:29:11 IST" name="launchApplication" finished-at="2024-05-30T01:29:20 IST" duration-ms="9175" status="PASS">
          <reporter-output>
          </reporter-output>
        </test-method> <!-- launchApplication -->
        <test-method retried="true" signature="LoginErrorValidations()[pri:0, instance:E_Commerse_Sele.SunilKunwal.tests.ErrorValidationsTest@312aa7c]" started-at="2024-05-30T01:29:20 IST" name="LoginErrorValidations" finished-at="2024-05-30T01:29:21 IST" duration-ms="1024" status="SKIP">
          <exception class="java.lang.AssertionError">
            <message>
              <![CDATA[expected [Incorrect email or password.] but found [Incorrect email  password.]]]>
            </message>
            <full-stacktrace>
              <![CDATA[java.lang.AssertionError: expected [Incorrect email or password.] but found [Incorrect email  password.]
at org.testng.Assert.fail(Assert.java:99)
at org.testng.Assert.failNotEquals(Assert.java:1037)
at org.testng.Assert.assertEqualsImpl(Assert.java:140)
at org.testng.Assert.assertEquals(Assert.java:122)
at org.testng.Assert.assertEquals(Assert.java:629)
at org.testng.Assert.assertEquals(Assert.java:639)
at E_Commerse_Sele.SunilKunwal.tests.ErrorValidationsTest.LoginErrorValidations(ErrorValidationsTest.java:23)
at java.base/jdk.internal.reflect.DirectMethodHandleAccessor.invoke(DirectMethodHandleAccessor.java:104)
at java.base/java.lang.reflect.Method.invoke(Method.java:577)
at org.testng.internal.MethodInvocationHelper.invokeMethod(MethodInvocationHelper.java:133)
at org.testng.internal.TestInvoker.invokeMethod(TestInvoker.java:598)
at org.testng.internal.TestInvoker.invokeTestMethod(TestInvoker.java:173)
at org.testng.internal.MethodRunner.runInSequence(MethodRunner.java:46)
at org.testng.internal.TestInvoker$MethodInvocationAgent.invoke(TestInvoker.java:824)
at org.testng.internal.TestInvoker.invokeTestMethods(TestInvoker.java:146)
at org.testng.internal.TestMethodWorker.invokeTestMethods(TestMethodWorker.java:146)
at org.testng.internal.TestMethodWorker.run(TestMethodWorker.java:128)
at java.base/java.util.ArrayList.forEach(ArrayList.java:1511)
at org.testng.TestRunner.privateRun(TestRunner.java:794)
at org.testng.TestRunner.run(TestRunner.java:596)
at org.testng.SuiteRunner.runTest(SuiteRunner.java:377)
at org.testng.SuiteRunner.access$000(SuiteRunner.java:28)
at org.testng.SuiteRunner$SuiteWorker.run(SuiteRunner.java:418)
at org.testng.internal.thread.ThreadUtil.lambda$execute$0(ThreadUtil.java:64)
at java.base/java.util.concurrent.FutureTask.run(FutureTask.java:264)
at java.base/java.util.concurrent.ThreadPoolExecutor.runWorker(ThreadPoolExecutor.java:1136)
at java.base/java.util.concurrent.ThreadPoolExecutor$Worker.run(ThreadPoolExecutor.java:635)
at java.base/java.lang.Thread.run(Thread.java:833)
]]>
            </full-stacktrace>
          </exception> <!-- java.lang.AssertionError -->
          <reporter-output>
          </reporter-output>
        </test-method> <!-- LoginErrorValidations -->
        <test-method is-config="true" signature="tearDown()[pri:0, instance:E_Commerse_Sele.SunilKunwal.tests.ErrorValidationsTest@312aa7c]" started-at="2024-05-30T01:29:22 IST" name="tearDown" finished-at="2024-05-30T01:29:22 IST" duration-ms="304" status="PASS">
          <reporter-output>
          </reporter-output>
        </test-method> <!-- tearDown -->
        <test-method is-config="true" signature="launchApplication()[pri:0, instance:E_Commerse_Sele.SunilKunwal.tests.ErrorValidationsTest@312aa7c]" started-at="2024-05-30T01:29:22 IST" name="launchApplication" finished-at="2024-05-30T01:29:27 IST" duration-ms="4832" status="PASS">
          <reporter-output>
          </reporter-output>
        </test-method> <!-- launchApplication -->
        <test-method signature="LoginErrorValidations()[pri:0, instance:E_Commerse_Sele.SunilKunwal.tests.ErrorValidationsTest@312aa7c]" started-at="2024-05-30T01:29:27 IST" name="LoginErrorValidations" finished-at="2024-05-30T01:29:27 IST" duration-ms="841" status="FAIL">
          <exception class="java.lang.AssertionError">
            <message>
              <![CDATA[expected [Incorrect email or password.] but found [Incorrect email  password.]]]>
            </message>
            <full-stacktrace>
              <![CDATA[java.lang.AssertionError: expected [Incorrect email or password.] but found [Incorrect email  password.]
at org.testng.Assert.fail(Assert.java:99)
at org.testng.Assert.failNotEquals(Assert.java:1037)
at org.testng.Assert.assertEqualsImpl(Assert.java:140)
at org.testng.Assert.assertEquals(Assert.java:122)
at org.testng.Assert.assertEquals(Assert.java:629)
at org.testng.Assert.assertEquals(Assert.java:639)
at E_Commerse_Sele.SunilKunwal.tests.ErrorValidationsTest.LoginErrorValidations(ErrorValidationsTest.java:23)
at java.base/jdk.internal.reflect.DirectMethodHandleAccessor.invoke(DirectMethodHandleAccessor.java:104)
at java.base/java.lang.reflect.Method.invoke(Method.java:577)
at org.testng.internal.MethodInvocationHelper.invokeMethod(MethodInvocationHelper.java:133)
at org.testng.internal.TestInvoker.invokeMethod(TestInvoker.java:598)
at org.testng.internal.TestInvoker.retryFailed(TestInvoker.java:213)
at org.testng.internal.MethodRunner.runInSequence(MethodRunner.java:58)
at org.testng.internal.TestInvoker$MethodInvocationAgent.invoke(TestInvoker.java:824)
at org.testng.internal.TestInvoker.invokeTestMethods(TestInvoker.java:146)
at org.testng.internal.TestMethodWorker.invokeTestMethods(TestMethodWorker.java:146)
at org.testng.internal.TestMethodWorker.run(TestMethodWorker.java:128)
at java.base/java.util.ArrayList.forEach(ArrayList.java:1511)
at org.testng.TestRunner.privateRun(TestRunner.java:794)
at org.testng.TestRunner.run(TestRunner.java:596)
at org.testng.SuiteRunner.runTest(SuiteRunner.java:377)
at org.testng.SuiteRunner.access$000(SuiteRunner.java:28)
at org.testng.SuiteRunner$SuiteWorker.run(SuiteRunner.java:418)
at org.testng.internal.thread.ThreadUtil.lambda$execute$0(ThreadUtil.java:64)
at java.base/java.util.concurrent.FutureTask.run(FutureTask.java:264)
at java.base/java.util.concurrent.ThreadPoolExecutor.runWorker(ThreadPoolExecutor.java:1136)
at java.base/java.util.concurrent.ThreadPoolExecutor$Worker.run(ThreadPoolExecutor.java:635)
at java.base/java.lang.Thread.run(Thread.java:833)
]]>
            </full-stacktrace>
          </exception> <!-- java.lang.AssertionError -->
          <reporter-output>
          </reporter-output>
        </test-method> <!-- LoginErrorValidations -->
        <test-method is-config="true" signature="tearDown()[pri:0, instance:E_Commerse_Sele.SunilKunwal.tests.ErrorValidationsTest@312aa7c]" started-at="2024-05-30T01:29:28 IST" name="tearDown" finished-at="2024-05-30T01:29:29 IST" duration-ms="598" status="PASS">
          <reporter-output>
          </reporter-output>
        </test-method> <!-- tearDown -->
        <test-method is-config="true" signature="launchApplication()[pri:0, instance:E_Commerse_Sele.SunilKunwal.tests.ErrorValidationsTest@312aa7c]" started-at="2024-05-30T01:29:29 IST" name="launchApplication" finished-at="2024-05-30T01:29:34 IST" duration-ms="4862" status="PASS">
          <reporter-output>
          </reporter-output>
        </test-method> <!-- launchApplication -->
        <test-method signature="ProductErrorValidations()[pri:0, instance:E_Commerse_Sele.SunilKunwal.tests.ErrorValidationsTest@312aa7c]" started-at="2024-05-30T01:29:34 IST" name="ProductErrorValidations" finished-at="2024-05-30T01:29:48 IST" duration-ms="13919" status="PASS">
          <reporter-output>
          </reporter-output>
        </test-method> <!-- ProductErrorValidations -->
        <test-method is-config="true" signature="tearDown()[pri:0, instance:E_Commerse_Sele.SunilKunwal.tests.ErrorValidationsTest@312aa7c]" started-at="2024-05-30T01:29:48 IST" name="tearDown" finished-at="2024-05-30T01:29:48 IST" duration-ms="253" status="PASS">
          <reporter-output>
          </reporter-output>
        </test-method> <!-- tearDown -->
      </class> <!-- E_Commerse_Sele.SunilKunwal.tests.ErrorValidationsTest -->
    </test> <!-- Error Validation Test -->
    <test started-at="2024-05-30T01:29:11 IST" name="Submit Order Test" finished-at="2024-05-30T01:30:05 IST" duration-ms="53445">
      <class name="E_Commerse_Sele.SunilKunwal.tests.SubmitOrderTest">
        <test-method is-config="true" signature="launchApplication()[pri:0, instance:E_Commerse_Sele.SunilKunwal.tests.SubmitOrderTest@7d3e8655]" started-at="2024-05-30T01:29:12 IST" name="launchApplication" finished-at="2024-05-30T01:29:19 IST" duration-ms="6970" status="PASS">
          <reporter-output>
          </reporter-output>
        </test-method> <!-- launchApplication -->
        <test-method signature="submitOrder(java.util.HashMap)[pri:0, instance:E_Commerse_Sele.SunilKunwal.tests.SubmitOrderTest@7d3e8655]" started-at="2024-05-30T01:29:19 IST" name="submitOrder" data-provider="getData" finished-at="2024-05-30T01:29:36 IST" duration-ms="17231" status="PASS">
          <params>
            <param index="0">
              <value>
                <![CDATA[{password=Kunwal@123, product=ZARA COAT 3, email=sunilkunwal@gmail.com}]]>
              </value>
            </param>
          </params>
          <reporter-output>
          </reporter-output>
        </test-method> <!-- submitOrder -->
        <test-method is-config="true" signature="tearDown()[pri:0, instance:E_Commerse_Sele.SunilKunwal.tests.SubmitOrderTest@7d3e8655]" started-at="2024-05-30T01:29:36 IST" name="tearDown" finished-at="2024-05-30T01:29:37 IST" duration-ms="512" status="PASS">
          <reporter-output>
          </reporter-output>
        </test-method> <!-- tearDown -->
        <test-method is-config="true" signature="launchApplication()[pri:0, instance:E_Commerse_Sele.SunilKunwal.tests.SubmitOrderTest@7d3e8655]" started-at="2024-05-30T01:29:37 IST" name="launchApplication" finished-at="2024-05-30T01:29:43 IST" duration-ms="6701" status="PASS">
          <reporter-output>
          </reporter-output>
        </test-method> <!-- launchApplication -->
        <test-method signature="submitOrder(java.util.HashMap)[pri:0, instance:E_Commerse_Sele.SunilKunwal.tests.SubmitOrderTest@7d3e8655]" started-at="2024-05-30T01:29:43 IST" name="submitOrder" data-provider="getData" finished-at="2024-05-30T01:30:00 IST" duration-ms="16137" status="PASS">
          <params>
            <param index="0">
              <value>
                <![CDATA[{password=Kunwal1@, product=ADIDAS ORIGINAL, email=sunilkunwal1@gmail.comm}]]>
              </value>
            </param>
          </params>
          <reporter-output>
          </reporter-output>
        </test-method> <!-- submitOrder -->
        <test-method is-config="true" signature="tearDown()[pri:0, instance:E_Commerse_Sele.SunilKunwal.tests.SubmitOrderTest@7d3e8655]" started-at="2024-05-30T01:30:00 IST" name="tearDown" finished-at="2024-05-30T01:30:00 IST" duration-ms="309" status="PASS">
          <reporter-output>
          </reporter-output>
        </test-method> <!-- tearDown -->
        <test-method is-config="true" signature="launchApplication()[pri:0, instance:E_Commerse_Sele.SunilKunwal.tests.SubmitOrderTest@7d3e8655]" started-at="2024-05-30T01:30:00 IST" name="launchApplication" finished-at="2024-05-30T01:30:03 IST" duration-ms="3401" status="PASS">
          <reporter-output>
          </reporter-output>
        </test-method> <!-- launchApplication -->
        <test-method signature="OrderHistoryTest()[pri:0, instance:E_Commerse_Sele.SunilKunwal.tests.SubmitOrderTest@7d3e8655]" started-at="2024-05-30T01:30:03 IST" name="OrderHistoryTest" finished-at="2024-05-30T01:30:04 IST" depends-on-methods="E_Commerse_Sele.SunilKunwal.tests.SubmitOrderTest.submitOrder" duration-ms="1145" status="PASS">
          <reporter-output>
          </reporter-output>
        </test-method> <!-- OrderHistoryTest -->
        <test-method is-config="true" signature="tearDown()[pri:0, instance:E_Commerse_Sele.SunilKunwal.tests.SubmitOrderTest@7d3e8655]" started-at="2024-05-30T01:30:04 IST" name="tearDown" finished-at="2024-05-30T01:30:05 IST" duration-ms="215" status="PASS">
          <reporter-output>
          </reporter-output>
        </test-method> <!-- tearDown -->
      </class> <!-- E_Commerse_Sele.SunilKunwal.tests.SubmitOrderTest -->
    </test> <!-- Submit Order Test -->
  </suite> <!-- Suite -->
</testng-results>
